<?xml version="1.0" encoding="UTF-8"?>
<!-- Generated by org.testng.reporters.JUnitXMLReporter -->
<testsuite ignored="0" hostname="DESKTOP-0MGR9KI" failures="0" tests="6" name="Default test" time="32.976" errors="0" timestamp="2022-06-14T22:23:14 ICT">
  <testcase classname="com.ridhotadjudin.testuser.CRUDUserTest" name="login" time="3.318"/>
  <testcase classname="com.ridhotadjudin.testuser.CRUDUserTest" name="cobaDulu" time="5.675"/>
  <testcase classname="com.ridhotadjudin.testuser.CRUDUserTest" name="cobaDulu" time="4.991"/>
  <testcase classname="com.ridhotadjudin.testuser.CRUDUserTest" name="cobaDulu" time="5.323"/>
  <testcase classname="com.ridhotadjudin.testuser.CRUDUserTest" name="cobaDulu" time="5.158"/>
  <testcase classname="com.ridhotadjudin.testuser.CRUDUserTest" name="cobaDulu" time="5.141"/>
</testsuite> <!-- Default test -->
